<?xml version="1.0" encoding="UTF-8"?>
<testsuite xmlns:xsi="http://www.w3.org/2001/XMLSchema-instance" xsi:noNamespaceSchemaLocation="https://maven.apache.org/surefire/maven-surefire-plugin/xsd/surefire-test-report-3.0.xsd" version="3.0" name="TestSuite" time="181.161" tests="7" errors="0" skipped="0" failures="0">
  <properties>
[...]
</properties>
  <testcase name="elementtobepresenttest" classname="com.toolsQA.tests.Homepagetest" time="0.48">
    <system-out><![CDATA[E:\eclipse_workspace\toolsQA
E:\eclipse_workspace\toolsQA\src\main\resources\STproperties.properties
onTestStart :elementtobepresenttest
onTestSuccess :elementtobepresenttest
]]></system-out>
    <system-err><![CDATA[SLF4J: Failed to load class "org.slf4j.impl.StaticLoggerBinder".
SLF4J: Defaulting to no-operation (NOP) logger implementation
SLF4J: See http://www.slf4j.org/codes.html#StaticLoggerBinder for further details.
1664111402973	geckodriver	INFO	Listening on 127.0.0.1:21488
1664111404045	mozrunner::runner	INFO	Running command: "C:\\Program Files\\Mozilla Firefox\\firefox.exe" "--marionette" "-no-remote" "-profile" "C:\\Users\\admin\\AppData\\Local\\Temp\\rust_mozprofileU7P0jM"
1664111417061	Marionette	INFO	Marionette enabled
1664111417085	Marionette	INFO	Listening on port 58016
Read port: 58016
Read port: 58016
Read port: 58016
Read port: 58016
1664111422847	RemoteAgent	WARN	TLS certificate errors will be ignored for this session
console.warn: SearchSettings: "get: No settings file exists, new profile?" (new NotFoundError("Could not open the file at C:\\Users\\admin\\AppData\\Local\\Temp\\rust_mozprofileU7P0jM\\search.json.mozlz4", (void 0)))
Sep 25, 2022 6:40:37 PM org.openqa.selenium.remote.ProtocolHandshake createSession
INFO: Detected dialect: W3C
log4j:WARN No appenders could be found for logger (com.toolsQA.listners.testnglistners).
log4j:WARN Please initialize the log4j system properly.
log4j:WARN See http://logging.apache.org/log4j/1.2/faq.html#noconfig for more info.
]]></system-err>
  </testcase>
  <testcase name="getalertstobepresent" classname="com.toolsQA.tests.Homepagetest" time="0.056">
    <system-out><![CDATA[screenshot is captured succesfully
E:\eclipse_workspace\toolsQA
E:\eclipse_workspace\toolsQA\src\main\resources\STproperties.properties
onTestStart :getalertstobepresent
onTestSuccess :getalertstobepresent
]]></system-out>
    <system-err><![CDATA[1664111449176	Marionette	INFO	Stopped listening on port 58016
JavaScript error: resource://gre/modules/AsyncShutdown.jsm, line 719: Error: Phase "quit-application-granted" is finished, it is too late to register completion condition "ContentParent: id=3c1db00"
[Parent 11396, IPC I/O Parent] WARNING: file /builds/worker/checkouts/gecko/ipc/chromium/src/base/process_util_win.cc:167
[Parent 11396, IPC I/O Parent] WARNING: file /builds/worker/checkouts/gecko/ipc/chromium/src/base/process_util_win.cc:167
[Parent 11396, IPC I/O Parent] WARNING: file /builds/worker/checkouts/gecko/ipc/chromium/src/base/process_util_win.cc:167
1664111455960	geckodriver	INFO	Listening on 127.0.0.1:42750
1664111456321	mozrunner::runner	INFO	Running command: "C:\\Program Files\\Mozilla Firefox\\firefox.exe" "--marionette" "-no-remote" "-profile" "C:\\Users\\admin\\AppData\\Local\\Temp\\rust_mozprofileP8NVSc"
1664111458901	Marionette	INFO	Marionette enabled
1664111458910	Marionette	INFO	Listening on port 58095
Read port: 58095
Read port: 58095
1664111460323	RemoteAgent	WARN	TLS certificate errors will be ignored for this session
console.warn: SearchSettings: "get: No settings file exists, new profile?" (new NotFoundError("Could not open the file at C:\\Users\\admin\\AppData\\Local\\Temp\\rust_mozprofileP8NVSc\\search.json.mozlz4", (void 0)))
Sep 25, 2022 6:41:05 PM org.openqa.selenium.remote.ProtocolHandshake createSession
INFO: Detected dialect: W3C
]]></system-err>
  </testcase>
  <testcase name="getbooktobepresent" classname="com.toolsQA.tests.Homepagetest" time="0">
    <system-out><![CDATA[screenshot is captured succesfully
E:\eclipse_workspace\toolsQA
E:\eclipse_workspace\toolsQA\src\main\resources\STproperties.properties
onTestStart :getbooktobepresent
onTestSuccess :getbooktobepresent
]]></system-out>
    <system-err><![CDATA[1664111471075	Marionette	INFO	Stopped listening on port 58095
1664111475759	geckodriver	INFO	Listening on 127.0.0.1:35047
1664111476199	mozrunner::runner	INFO	Running command: "C:\\Program Files\\Mozilla Firefox\\firefox.exe" "--marionette" "-no-remote" "-profile" "C:\\Users\\admin\\AppData\\Local\\Temp\\rust_mozprofileoWWbjV"
1664111478414	Marionette	INFO	Marionette enabled
1664111478422	Marionette	INFO	Listening on port 58174
Read port: 58174
1664111479097	RemoteAgent	WARN	TLS certificate errors will be ignored for this session
console.warn: SearchSettings: "get: No settings file exists, new profile?" (new NotFoundError("Could not open the file at C:\\Users\\admin\\AppData\\Local\\Temp\\rust_mozprofileoWWbjV\\search.json.mozlz4", (void 0)))
Sep 25, 2022 6:41:25 PM org.openqa.selenium.remote.ProtocolHandshake createSession
INFO: Detected dialect: W3C
]]></system-err>
  </testcase>
  <testcase name="getformstobepresent" classname="com.toolsQA.tests.Homepagetest" time="0.054">
    <system-out><![CDATA[screenshot is captured succesfully
E:\eclipse_workspace\toolsQA
E:\eclipse_workspace\toolsQA\src\main\resources\STproperties.properties
onTestStart :getformstobepresent
onTestSuccess :getformstobepresent
]]></system-out>
    <system-err><![CDATA[1664111492134	Marionette	INFO	Stopped listening on port 58174
JavaScript error: resource://gre/modules/UrlClassifierListManager.jsm, line 693: TypeError: this.tablesData[table] is undefined
1664111495431	geckodriver	INFO	Listening on 127.0.0.1:7388
1664111495912	mozrunner::runner	INFO	Running command: "C:\\Program Files\\Mozilla Firefox\\firefox.exe" "--marionette" "-no-remote" "-profile" "C:\\Users\\admin\\AppData\\Local\\Temp\\rust_mozprofile7AxnDL"
1664111496685	Marionette	INFO	Marionette enabled
1664111496695	Marionette	INFO	Listening on port 58241
Read port: 58241
1664111497382	RemoteAgent	WARN	TLS certificate errors will be ignored for this session
console.warn: SearchSettings: "get: No settings file exists, new profile?" (new NotFoundError("Could not open the file at C:\\Users\\admin\\AppData\\Local\\Temp\\rust_mozprofile7AxnDL\\search.json.mozlz4", (void 0)))
Sep 25, 2022 6:41:42 PM org.openqa.selenium.remote.ProtocolHandshake createSession
INFO: Detected dialect: W3C
JavaScript warning: https://secure-ds.serving-sys.com/BurstingCachedScripts//Ad_2_226_3_0/ebStdBannerEx.js, line 145: WEBGL_debug_renderer_info is deprecated in Firefox and will be removed. Please use RENDERER.
]]></system-err>
  </testcase>
  <testcase name="getintrectionstobepresent" classname="com.toolsQA.tests.Homepagetest" time="0.195">
    <system-out><![CDATA[screenshot is captured succesfully
E:\eclipse_workspace\toolsQA
E:\eclipse_workspace\toolsQA\src\main\resources\STproperties.properties
onTestStart :getintrectionstobepresent
onTestSuccess :getintrectionstobepresent
]]></system-out>
    <system-err><![CDATA[1664111515814	Marionette	INFO	Stopped listening on port 58241
JavaScript error: resource://gre/modules/AsyncShutdown.jsm, line 719: Error: Phase "Sqlite.jsm: wait until all connections are closed" is finished, it is too late to register completion condition "protections.sqlite#0: waiting for shutdown"
1664111518196	geckodriver	INFO	Listening on 127.0.0.1:41368
1664111518684	mozrunner::runner	INFO	Running command: "C:\\Program Files\\Mozilla Firefox\\firefox.exe" "--marionette" "-no-remote" "-profile" "C:\\Users\\admin\\AppData\\Local\\Temp\\rust_mozprofileDRjnud"
1664111519516	Marionette	INFO	Marionette enabled
1664111519525	Marionette	INFO	Listening on port 58316
Read port: 58316
1664111520356	RemoteAgent	WARN	TLS certificate errors will be ignored for this session
console.warn: SearchSettings: "get: No settings file exists, new profile?" (new NotFoundError("Could not open the file at C:\\Users\\admin\\AppData\\Local\\Temp\\rust_mozprofileDRjnud\\search.json.mozlz4", (void 0)))
Sep 25, 2022 6:42:06 PM org.openqa.selenium.remote.ProtocolHandshake createSession
INFO: Detected dialect: W3C
]]></system-err>
  </testcase>
  <testcase name="getwidgetstobepresent" classname="com.toolsQA.tests.Homepagetest" time="0">
    <system-out><![CDATA[screenshot is captured succesfully
E:\eclipse_workspace\toolsQA
E:\eclipse_workspace\toolsQA\src\main\resources\STproperties.properties
onTestStart :getwidgetstobepresent
onTestSuccess :getwidgetstobepresent
]]></system-out>
    <system-err><![CDATA[1664111533749	Marionette	INFO	Stopped listening on port 58316
JavaScript error: resource://gre/modules/AsyncShutdown.jsm, line 719: Error: Phase "quit-application-granted" is finished, it is too late to register completion condition "ContentParent: id=19a2d700"
1664111538483	geckodriver	INFO	Listening on 127.0.0.1:42503
1664111538892	mozrunner::runner	INFO	Running command: "C:\\Program Files\\Mozilla Firefox\\firefox.exe" "--marionette" "-no-remote" "-profile" "C:\\Users\\admin\\AppData\\Local\\Temp\\rust_mozprofileS5tisK"
1664111540748	Marionette	INFO	Marionette enabled
1664111540765	Marionette	INFO	Listening on port 58385
Read port: 58385
1664111541388	RemoteAgent	WARN	TLS certificate errors will be ignored for this session
console.warn: SearchSettings: "get: No settings file exists, new profile?" (new NotFoundError("Could not open the file at C:\\Users\\admin\\AppData\\Local\\Temp\\rust_mozprofileS5tisK\\search.json.mozlz4", (void 0)))
Sep 25, 2022 6:42:26 PM org.openqa.selenium.remote.ProtocolHandshake createSession
INFO: Detected dialect: W3C
]]></system-err>
  </testcase>
  <testcase name="pagetitletest" classname="com.toolsQA.tests.Homepagetest" time="0.001">
    <system-out><![CDATA[screenshot is captured succesfully
E:\eclipse_workspace\toolsQA
E:\eclipse_workspace\toolsQA\src\main\resources\STproperties.properties
onTestStart :pagetitletest
onTestSuccess :pagetitletest
]]></system-out>
    <system-err><![CDATA[1664111552824	Marionette	INFO	Stopped listening on port 58385
1664111557221	geckodriver	INFO	Listening on 127.0.0.1:2596
1664111557708	mozrunner::runner	INFO	Running command: "C:\\Program Files\\Mozilla Firefox\\firefox.exe" "--marionette" "-no-remote" "-profile" "C:\\Users\\admin\\AppData\\Local\\Temp\\rust_mozprofile80BBqQ"
1664111558559	Marionette	INFO	Marionette enabled
1664111558572	Marionette	INFO	Listening on port 58454
Read port: 58454
1664111559084	RemoteAgent	WARN	TLS certificate errors will be ignored for this session
console.warn: SearchSettings: "get: No settings file exists, new profile?" (new NotFoundError("Could not open the file at C:\\Users\\admin\\AppData\\Local\\Temp\\rust_mozprofile80BBqQ\\search.json.mozlz4", (void 0)))
Sep 25, 2022 6:42:43 PM org.openqa.selenium.remote.ProtocolHandshake createSession
INFO: Detected dialect: W3C
]]></system-err>
  </testcase>
</testsuite>